{"file":"/Users/mac/Desktop/Programs/SelfDev/GoAutoBash/server/listen.go:14","func":"GoAutoBash/server.Listen","level":"info","msg":"Starting server at 8080","time":"2022-02-26T17:21:17-06:00"}
{"file":"/Users/mac/Desktop/Programs/SelfDev/GoAutoBash/server/listen.go:14","func":"GoAutoBash/server.Listen","level":"info","msg":"Starting server at 0.0.0.0:8080","time":"2022-02-26T17:25:26-06:00"}
{"file":"/Users/mac/Desktop/Programs/SelfDev/GoAutoBash/server/handler.go:25","func":"GoAutoBash/server.webhookHandler","level":"info","msg":"Hello World!","time":"2022-02-26T17:25:34-06:00"}
{"file":"/Users/mac/Desktop/Programs/SelfDev/GoAutoBash/server/listen.go:14","func":"GoAutoBash/server.Listen","level":"info","msg":"Starting server at 0.0.0.0:8080","time":"2022-02-26T17:25:50-06:00"}
{"file":"/Users/mac/Desktop/Programs/SelfDev/GoAutoBash/server/handler.go:25","func":"GoAutoBash/server.webhookHandler","level":"info","msg":"Hello World!","time":"2022-02-26T17:25:54-06:00"}
{"file":"/Users/mac/Desktop/Programs/SelfDev/GoAutoBash/server/listen.go:14","func":"GoAutoBash/server.Listen","level":"info","msg":"Starting server at 0.0.0.0:8080","time":"2022-02-26T18:42:31-06:00"}
{"file":"/Users/mac/Desktop/Programs/SelfDev/GoAutoBash/server/listen.go:14","func":"GoAutoBash/server.Listen","level":"info","msg":"Starting server at 0.0.0.0:8080","time":"2022-02-26T18:52:06-06:00"}
{"file":"/Users/mac/Desktop/Programs/SelfDev/GoAutoBash/server/listen.go:14","func":"GoAutoBash/server.Listen","level":"info","msg":"Starting server at 0.0.0.0:8080","time":"2022-02-26T20:31:12-06:00"}
{"file":"/Users/mac/Desktop/Programs/SelfDev/GoAutoBash/server/listen.go:14","func":"GoAutoBash/server.Listen","level":"info","msg":"Starting server at 0.0.0.0:8080","time":"2022-02-26T20:33:06-06:00"}
{"file":"/Users/mac/Desktop/Programs/SelfDev/GoAutoBash/server/listen.go:14","func":"GoAutoBash/server.Listen","level":"info","msg":"Starting server at 0.0.0.0:8080","time":"2022-02-27T10:12:08-06:00"}
{"file":"/Users/mac/Desktop/Programs/SelfDev/GoAutoBash/server/listen.go:14","func":"GoAutoBash/server.Listen","level":"info","msg":"Starting server at 0.0.0.0:8080","time":"2022-02-27T10:12:22-06:00"}
{"file":"/Users/mac/Desktop/Programs/SelfDev/GoAutoBash/server/listen.go:14","func":"GoAutoBash/server.Listen","level":"info","msg":"Starting server at 0.0.0.0:8080","time":"2022-02-27T10:18:05-06:00"}
{"file":"/Users/mac/Desktop/Programs/SelfDev/GoAutoBash/server/handler.go:24","func":"GoAutoBash/server.webhookHandler","level":"info","msg":"message is ","time":"2022-02-27T10:18:10-06:00"}
{"file":"/Users/mac/Desktop/Programs/SelfDev/GoAutoBash/server/handler.go:25","func":"GoAutoBash/server.webhookHandler","level":"info","msg":"nickname is anonymous","time":"2022-02-27T10:18:10-06:00"}
{"file":"/Users/mac/Desktop/Programs/SelfDev/GoAutoBash/server/listen.go:15","func":"GoAutoBash/server.Listen","level":"info","msg":"Starting server at 0.0.0.0:8080","time":"2022-02-27T10:27:24-06:00"}
{"file":"/Users/mac/Desktop/Programs/SelfDev/GoAutoBash/server/listen.go:15","func":"GoAutoBash/server.Listen","level":"info","msg":"Starting server at 0.0.0.0:8080","time":"2022-02-27T10:33:01-06:00"}
{"file":"/Users/mac/Desktop/Programs/SelfDev/GoAutoBash/server/listen.go:15","func":"GoAutoBash/server.Listen","level":"info","msg":"Starting server at 0.0.0.0:8080","time":"2022-02-27T10:36:05-06:00"}
{"file":"/Users/mac/Desktop/Programs/SelfDev/GoAutoBash/server/listen.go:15","func":"GoAutoBash/server.Listen","level":"info","msg":"Starting server at 0.0.0.0:8080","time":"2022-02-27T10:39:33-06:00"}
{"file":"/Users/mac/Desktop/Programs/SelfDev/GoAutoBash/server/listen.go:15","func":"GoAutoBash/server.Listen","level":"info","msg":"Starting server at 0.0.0.0:8080","time":"2022-02-27T10:40:46-06:00"}
{"file":"/Users/mac/Desktop/Programs/SelfDev/GoAutoBash/server/handler.go:52","func":"GoAutoBash/server.webhookHandler","level":"info","msg":"Someone has starred your repo!","time":"2022-02-27T10:40:51-06:00"}
{"file":"/Users/mac/Desktop/Programs/SelfDev/GoAutoBash/queue/trigger.go:17","func":"GoAutoBash/queue.StartQueue.func1","level":"info","msg":"Consumer 2 started","time":"2022-02-27T11:39:19-06:00"}
{"file":"/Users/mac/Desktop/Programs/SelfDev/GoAutoBash/queue/trigger.go:17","func":"GoAutoBash/queue.StartQueue.func1","level":"info","msg":"Consumer 4 started","time":"2022-02-27T11:39:19-06:00"}
{"file":"/Users/mac/Desktop/Programs/SelfDev/GoAutoBash/queue/trigger.go:17","func":"GoAutoBash/queue.StartQueue.func1","level":"info","msg":"Consumer 1 started","time":"2022-02-27T11:39:19-06:00"}
{"file":"/Users/mac/Desktop/Programs/SelfDev/GoAutoBash/server/listen.go:15","func":"GoAutoBash/server.Listen","level":"info","msg":"Starting server at 0.0.0.0:8080","time":"2022-02-27T11:39:19-06:00"}
{"file":"/Users/mac/Desktop/Programs/SelfDev/GoAutoBash/queue/trigger.go:17","func":"GoAutoBash/queue.StartQueue.func1","level":"info","msg":"Consumer 3 started","time":"2022-02-27T11:39:19-06:00"}
{"file":"/Users/mac/Desktop/Programs/SelfDev/GoAutoBash/server/handler.go:55","func":"GoAutoBash/server.webhookHandler","level":"info","msg":"Someone has starred your repo!","time":"2022-02-27T11:39:36-06:00"}
{"file":"/Users/mac/Desktop/Programs/SelfDev/GoAutoBash/server/handler.go:50","func":"GoAutoBash/server.webhookHandler","level":"info","msg":"Someone has pushed to your repo!","time":"2022-02-27T11:42:01-06:00"}
{"file":"/Users/mac/Desktop/Programs/SelfDev/GoAutoBash/queue/trigger.go:17","func":"GoAutoBash/queue.StartQueue.func1","level":"info","msg":"Consumer 1 started","time":"2022-02-27T11:48:58-06:00"}
{"file":"/Users/mac/Desktop/Programs/SelfDev/GoAutoBash/queue/trigger.go:17","func":"GoAutoBash/queue.StartQueue.func1","level":"info","msg":"Consumer 4 started","time":"2022-02-27T11:48:58-06:00"}
{"file":"/Users/mac/Desktop/Programs/SelfDev/GoAutoBash/queue/trigger.go:17","func":"GoAutoBash/queue.StartQueue.func1","level":"info","msg":"Consumer 2 started","time":"2022-02-27T11:48:58-06:00"}
{"file":"/Users/mac/Desktop/Programs/SelfDev/GoAutoBash/server/listen.go:15","func":"GoAutoBash/server.Listen","level":"info","msg":"Starting server at 0.0.0.0:8080","time":"2022-02-27T11:48:58-06:00"}
{"file":"/Users/mac/Desktop/Programs/SelfDev/GoAutoBash/queue/trigger.go:17","func":"GoAutoBash/queue.StartQueue.func1","level":"info","msg":"Consumer 3 started","time":"2022-02-27T11:48:58-06:00"}
{"file":"/Users/mac/Desktop/Programs/SelfDev/GoAutoBash/server/handler.go:50","func":"GoAutoBash/server.webhookHandler","level":"info","msg":"Someone has pushed to your repo!","time":"2022-02-27T11:49:31-06:00"}
{"file":"/Users/mac/Desktop/Programs/SelfDev/GoAutoBash/queue/trigger.go:18","func":"GoAutoBash/queue.StartQueue.func1","level":"info","msg":"Consumer 4 started","time":"2022-02-27T11:58:26-06:00"}
{"file":"/Users/mac/Desktop/Programs/SelfDev/GoAutoBash/queue/trigger.go:18","func":"GoAutoBash/queue.StartQueue.func1","level":"info","msg":"Consumer 3 started","time":"2022-02-27T11:58:26-06:00"}
{"file":"/Users/mac/Desktop/Programs/SelfDev/GoAutoBash/queue/trigger.go:18","func":"GoAutoBash/queue.StartQueue.func1","level":"info","msg":"Consumer 1 started","time":"2022-02-27T11:58:26-06:00"}
{"file":"/Users/mac/Desktop/Programs/SelfDev/GoAutoBash/queue/trigger.go:18","func":"GoAutoBash/queue.StartQueue.func1","level":"info","msg":"Consumer 2 started","time":"2022-02-27T11:58:26-06:00"}
{"file":"/Users/mac/Desktop/Programs/SelfDev/GoAutoBash/server/listen.go:15","func":"GoAutoBash/server.Listen","level":"info","msg":"Starting server at 0.0.0.0:8080","time":"2022-02-27T11:58:26-06:00"}
{"file":"/Users/mac/Desktop/Programs/SelfDev/GoAutoBash/server/handler.go:50","func":"GoAutoBash/server.webhookHandler","level":"info","msg":"Someone has pushed to your repo!","time":"2022-02-27T11:58:40-06:00"}
{"file":"/Users/mac/Desktop/Programs/SelfDev/GoAutoBash/server/handler.go:50","func":"GoAutoBash/server.webhookHandler","level":"info","msg":"Someone has pushed to your repo!","time":"2022-02-27T11:58:47-06:00"}
{"file":"/Users/mac/Desktop/Programs/SelfDev/GoAutoBash/queue/trigger.go:53","func":"GoAutoBash/queue.StartQueue.func1","level":"warning","msg":"grader is running/waiting BiEchi, lastRun = 2022-02-27 11:58:40.119416 -0600 CST m=+14.044239596, we ignore that grading request","time":"2022-02-27T11:58:47-06:00"}
{"file":"/Users/mac/Desktop/Programs/SelfDev/GoAutoBash/server/handler.go:50","func":"GoAutoBash/server.webhookHandler","level":"info","msg":"Someone has pushed to your repo!","time":"2022-02-27T11:58:53-06:00"}
{"file":"/Users/mac/Desktop/Programs/SelfDev/GoAutoBash/queue/trigger.go:53","func":"GoAutoBash/queue.StartQueue.func1","level":"warning","msg":"grader is running/waiting BiEchi, lastRun = 2022-02-27 11:58:40.119416 -0600 CST m=+14.044239596, we ignore that grading request","time":"2022-02-27T11:58:53-06:00"}
{"file":"/Users/mac/Desktop/Programs/SelfDev/GoAutoBash/server/handler.go:50","func":"GoAutoBash/server.webhookHandler","level":"info","msg":"Someone has pushed to your repo!","time":"2022-02-27T11:59:00-06:00"}
{"file":"/Users/mac/Desktop/Programs/SelfDev/GoAutoBash/queue/trigger.go:53","func":"GoAutoBash/queue.StartQueue.func1","level":"warning","msg":"grader is running/waiting BiEchi, lastRun = 2022-02-27 11:58:40.119416 -0600 CST m=+14.044239596, we ignore that grading request","time":"2022-02-27T11:59:00-06:00"}
{"file":"/Users/mac/Desktop/Programs/SelfDev/GoAutoBash/server/handler.go:50","func":"GoAutoBash/server.webhookHandler","level":"info","msg":"Someone has pushed to your repo!","time":"2022-02-27T11:59:29-06:00"}
{"file":"/Users/mac/Desktop/Programs/SelfDev/GoAutoBash/queue/trigger.go:53","func":"GoAutoBash/queue.StartQueue.func1","level":"warning","msg":"grader is running/waiting BiEchi, lastRun = 2022-02-27 11:58:40.119416 -0600 CST m=+14.044239596, we ignore that grading request","time":"2022-02-27T11:59:29-06:00"}
{"file":"/Users/mac/Desktop/Programs/SelfDev/GoAutoBash/server/handler.go:50","func":"GoAutoBash/server.webhookHandler","level":"info","msg":"Someone has pushed to your repo!","time":"2022-02-27T11:59:35-06:00"}
{"file":"/Users/mac/Desktop/Programs/SelfDev/GoAutoBash/queue/trigger.go:53","func":"GoAutoBash/queue.StartQueue.func1","level":"warning","msg":"grader is running/waiting BiEchi, lastRun = 2022-02-27 11:58:40.119416 -0600 CST m=+14.044239596, we ignore that grading request","time":"2022-02-27T11:59:35-06:00"}
{"file":"/Users/mac/Desktop/Programs/SelfDev/GoAutoBash/server/handler.go:50","func":"GoAutoBash/server.webhookHandler","level":"info","msg":"Someone has pushed to your repo!","time":"2022-02-27T11:59:40-06:00"}
{"file":"/Users/mac/Desktop/Programs/SelfDev/GoAutoBash/queue/trigger.go:53","func":"GoAutoBash/queue.StartQueue.func1","level":"warning","msg":"grader is running/waiting BiEchi, lastRun = 2022-02-27 11:58:40.119416 -0600 CST m=+14.044239596, we ignore that grading request","time":"2022-02-27T11:59:40-06:00"}
{"file":"/Users/mac/Desktop/Programs/SelfDev/GoAutoBash/server/handler.go:50","func":"GoAutoBash/server.webhookHandler","level":"info","msg":"Someone has pushed to your repo!","time":"2022-02-27T11:59:43-06:00"}
{"file":"/Users/mac/Desktop/Programs/SelfDev/GoAutoBash/queue/trigger.go:53","func":"GoAutoBash/queue.StartQueue.func1","level":"warning","msg":"grader is running/waiting BiEchi, lastRun = 2022-02-27 11:58:40.119416 -0600 CST m=+14.044239596, we ignore that grading request","time":"2022-02-27T11:59:43-06:00"}
{"file":"/Users/mac/Desktop/Programs/SelfDev/GoAutoBash/server/handler.go:50","func":"GoAutoBash/server.webhookHandler","level":"info","msg":"Someone has pushed to your repo!","time":"2022-02-27T11:59:47-06:00"}
{"file":"/Users/mac/Desktop/Programs/SelfDev/GoAutoBash/queue/trigger.go:53","func":"GoAutoBash/queue.StartQueue.func1","level":"warning","msg":"grader is running/waiting BiEchi, lastRun = 2022-02-27 11:58:40.119416 -0600 CST m=+14.044239596, we ignore that grading request","time":"2022-02-27T11:59:47-06:00"}
{"file":"/Users/mac/Desktop/Programs/SelfDev/GoAutoBash/server/handler.go:50","func":"GoAutoBash/server.webhookHandler","level":"info","msg":"Someone has pushed to your repo!","time":"2022-02-27T11:59:51-06:00"}
{"file":"/Users/mac/Desktop/Programs/SelfDev/GoAutoBash/queue/trigger.go:53","func":"GoAutoBash/queue.StartQueue.func1","level":"warning","msg":"grader is running/waiting BiEchi, lastRun = 2022-02-27 11:58:40.119416 -0600 CST m=+14.044239596, we ignore that grading request","time":"2022-02-27T11:59:51-06:00"}
{"file":"/Users/mac/Desktop/Programs/SelfDev/GoAutoBash/server/handler.go:50","func":"GoAutoBash/server.webhookHandler","level":"info","msg":"Someone has pushed to your repo!","time":"2022-02-27T12:09:11-06:00"}
{"file":"/Users/mac/Desktop/Programs/SelfDev/GoAutoBash/server/handler.go:50","func":"GoAutoBash/server.webhookHandler","level":"info","msg":"Someone has pushed to your repo!","time":"2022-02-27T12:09:15-06:00"}
{"file":"/Users/mac/Desktop/Programs/SelfDev/GoAutoBash/queue/trigger.go:53","func":"GoAutoBash/queue.StartQueue.func1","level":"warning","msg":"grader is running/waiting BiEchi, lastRun = 2022-02-27 12:09:11.574759 -0600 CST m=+645.492781926, we ignore that grading request","time":"2022-02-27T12:09:15-06:00"}
{"file":"/Users/mac/Desktop/Programs/SelfDev/GoAutoBash/server/handler.go:50","func":"GoAutoBash/server.webhookHandler","level":"info","msg":"Someone has pushed to your repo!","time":"2022-02-27T12:10:26-06:00"}
{"file":"/Users/mac/Desktop/Programs/SelfDev/GoAutoBash/queue/trigger.go:53","func":"GoAutoBash/queue.StartQueue.func1","level":"warning","msg":"grader is running/waiting BiEchi, lastRun = 2022-02-27 12:09:11.574759 -0600 CST m=+645.492781926, we ignore that grading request","time":"2022-02-27T12:10:26-06:00"}
{"file":"/Users/mac/Desktop/Programs/SelfDev/GoAutoBash/server/handler.go:50","func":"GoAutoBash/server.webhookHandler","level":"info","msg":"Someone has pushed to your repo!","time":"2022-02-27T12:10:30-06:00"}
{"file":"/Users/mac/Desktop/Programs/SelfDev/GoAutoBash/queue/trigger.go:53","func":"GoAutoBash/queue.StartQueue.func1","level":"warning","msg":"grader is running/waiting BiEchi, lastRun = 2022-02-27 12:09:11.574759 -0600 CST m=+645.492781926, we ignore that grading request","time":"2022-02-27T12:10:30-06:00"}
{"file":"/Users/mac/Desktop/Programs/SelfDev/GoAutoBash/server/handler.go:50","func":"GoAutoBash/server.webhookHandler","level":"info","msg":"Someone has pushed to your repo!","time":"2022-02-27T12:10:38-06:00"}
{"file":"/Users/mac/Desktop/Programs/SelfDev/GoAutoBash/queue/trigger.go:53","func":"GoAutoBash/queue.StartQueue.func1","level":"warning","msg":"grader is running/waiting BiEchi, lastRun = 2022-02-27 12:09:11.574759 -0600 CST m=+645.492781926, we ignore that grading request","time":"2022-02-27T12:10:38-06:00"}
{"file":"/Users/mac/Desktop/Programs/SelfDev/GoAutoBash/server/handler.go:50","func":"GoAutoBash/server.webhookHandler","level":"info","msg":"Someone has pushed to your repo!","time":"2022-02-27T12:10:42-06:00"}
{"file":"/Users/mac/Desktop/Programs/SelfDev/GoAutoBash/queue/trigger.go:53","func":"GoAutoBash/queue.StartQueue.func1","level":"warning","msg":"grader is running/waiting BiEchi, lastRun = 2022-02-27 12:09:11.574759 -0600 CST m=+645.492781926, we ignore that grading request","time":"2022-02-27T12:10:42-06:00"}
{"file":"/Users/mac/Desktop/Programs/SelfDev/GoAutoBash/server/handler.go:50","func":"GoAutoBash/server.webhookHandler","level":"info","msg":"Someone has pushed to your repo!","time":"2022-02-27T12:10:46-06:00"}
{"file":"/Users/mac/Desktop/Programs/SelfDev/GoAutoBash/queue/trigger.go:53","func":"GoAutoBash/queue.StartQueue.func1","level":"warning","msg":"grader is running/waiting BiEchi, lastRun = 2022-02-27 12:09:11.574759 -0600 CST m=+645.492781926, we ignore that grading request","time":"2022-02-27T12:10:46-06:00"}
{"file":"/Users/mac/Desktop/Programs/SelfDev/GoAutoBash/server/handler.go:50","func":"GoAutoBash/server.webhookHandler","level":"info","msg":"Someone has pushed to your repo!","time":"2022-02-27T12:24:06-06:00"}
{"file":"/Users/mac/Desktop/Programs/SelfDev/GoAutoBash/queue/trigger.go:18","func":"GoAutoBash/queue.StartQueue.func1","level":"info","msg":"Consumer 1 started","time":"2022-02-27T12:27:27-06:00"}
{"file":"/Users/mac/Desktop/Programs/SelfDev/GoAutoBash/queue/trigger.go:18","func":"GoAutoBash/queue.StartQueue.func1","level":"info","msg":"Consumer 4 started","time":"2022-02-27T12:27:27-06:00"}
{"file":"/Users/mac/Desktop/Programs/SelfDev/GoAutoBash/queue/trigger.go:18","func":"GoAutoBash/queue.StartQueue.func1","level":"info","msg":"Consumer 2 started","time":"2022-02-27T12:27:27-06:00"}
{"file":"/Users/mac/Desktop/Programs/SelfDev/GoAutoBash/server/listen.go:15","func":"GoAutoBash/server.Listen","level":"info","msg":"Starting server at 0.0.0.0:8080","time":"2022-02-27T12:27:27-06:00"}
{"file":"/Users/mac/Desktop/Programs/SelfDev/GoAutoBash/queue/trigger.go:18","func":"GoAutoBash/queue.StartQueue.func1","level":"info","msg":"Consumer 3 started","time":"2022-02-27T12:27:27-06:00"}
{"file":"/Users/mac/Desktop/Programs/SelfDev/GoAutoBash/server/handler.go:50","func":"GoAutoBash/server.webhookHandler","level":"info","msg":"Someone has pushed to your repo!","time":"2022-02-27T12:27:37-06:00"}
{"file":"/Users/mac/Desktop/Programs/SelfDev/GoAutoBash/queue/trigger.go:18","func":"GoAutoBash/queue.StartQueue.func1","level":"info","msg":"Consumer 1 started","time":"2022-02-27T12:27:55-06:00"}
{"file":"/Users/mac/Desktop/Programs/SelfDev/GoAutoBash/queue/trigger.go:18","func":"GoAutoBash/queue.StartQueue.func1","level":"info","msg":"Consumer 2 started","time":"2022-02-27T12:27:55-06:00"}
{"file":"/Users/mac/Desktop/Programs/SelfDev/GoAutoBash/server/listen.go:15","func":"GoAutoBash/server.Listen","level":"info","msg":"Starting server at 0.0.0.0:8080","time":"2022-02-27T12:27:55-06:00"}
{"file":"/Users/mac/Desktop/Programs/SelfDev/GoAutoBash/server/handler.go:50","func":"GoAutoBash/server.webhookHandler","level":"info","msg":"Someone has pushed to your repo!","time":"2022-02-27T12:28:10-06:00"}
{"file":"/Users/mac/Desktop/Programs/SelfDev/GoAutoBash/server/handler.go:50","func":"GoAutoBash/server.webhookHandler","level":"info","msg":"Someone has pushed to your repo!","time":"2022-02-27T12:28:22-06:00"}
{"file":"/Users/mac/Desktop/Programs/SelfDev/GoAutoBash/server/handler.go:50","func":"GoAutoBash/server.webhookHandler","level":"info","msg":"Someone has pushed to your repo!","time":"2022-02-27T12:28:26-06:00"}
{"file":"/Users/mac/Desktop/Programs/SelfDev/GoAutoBash/queue/trigger.go:53","func":"GoAutoBash/queue.StartQueue.func1","level":"warning","msg":"grader is running/waiting BiEchi, lastRun = 2022-02-27 12:28:22.893048 -0600 CST m=+26.964959231, we ignore that grading request","time":"2022-02-27T12:28:30-06:00"}
{"file":"/Users/mac/Desktop/Programs/SelfDev/GoAutoBash/server/handler.go:50","func":"GoAutoBash/server.webhookHandler","level":"info","msg":"Someone has pushed to your repo!","time":"2022-02-27T12:28:33-06:00"}
{"file":"/Users/mac/Desktop/Programs/SelfDev/GoAutoBash/queue/trigger.go:53","func":"GoAutoBash/queue.StartQueue.func1","level":"warning","msg":"grader is running/waiting BiEchi, lastRun = 2022-02-27 12:28:22.893048 -0600 CST m=+26.964959231, we ignore that grading request","time":"2022-02-27T12:28:33-06:00"}
{"file":"/Users/mac/Desktop/Programs/SelfDev/GoAutoBash/queue/trigger.go:18","func":"GoAutoBash/queue.StartQueue.func1","level":"info","msg":"Consumer 1 started","time":"2022-02-27T12:33:37-06:00"}
{"file":"/Users/mac/Desktop/Programs/SelfDev/GoAutoBash/queue/trigger.go:18","func":"GoAutoBash/queue.StartQueue.func1","level":"info","msg":"Consumer 2 started","time":"2022-02-27T12:33:37-06:00"}
{"file":"/Users/mac/Desktop/Programs/SelfDev/GoAutoBash/server/listen.go:15","func":"GoAutoBash/server.Listen","level":"info","msg":"Starting server at 0.0.0.0:8080","time":"2022-02-27T12:33:37-06:00"}
{"file":"/Users/mac/Desktop/Programs/SelfDev/GoAutoBash/server/handler.go:50","func":"GoAutoBash/server.webhookHandler","level":"info","msg":"Someone has pushed to your repo!","time":"2022-02-27T12:33:53-06:00"}
{"file":"/Users/mac/Desktop/Programs/SelfDev/GoAutoBash/server/handler.go:50","func":"GoAutoBash/server.webhookHandler","level":"info","msg":"Someone has pushed to your repo!","time":"2022-02-27T12:34:03-06:00"}
{"file":"/Users/mac/Desktop/Programs/SelfDev/GoAutoBash/server/handler.go:50","func":"GoAutoBash/server.webhookHandler","level":"info","msg":"Someone has pushed to your repo!","time":"2022-02-27T12:34:06-06:00"}
{"file":"/Users/mac/Desktop/Programs/SelfDev/GoAutoBash/server/handler.go:50","func":"GoAutoBash/server.webhookHandler","level":"info","msg":"Someone has pushed to your repo!","time":"2022-02-27T12:34:10-06:00"}
{"file":"/Users/mac/Desktop/Programs/SelfDev/GoAutoBash/server/handler.go:50","func":"GoAutoBash/server.webhookHandler","level":"info","msg":"Someone has pushed to your repo!","time":"2022-02-27T12:34:29-06:00"}
{"file":"/Users/mac/Desktop/Programs/SelfDev/GoAutoBash/server/handler.go:50","func":"GoAutoBash/server.webhookHandler","level":"info","msg":"Someone has pushed to your repo!","time":"2022-02-27T12:34:36-06:00"}
{"file":"/Users/mac/Desktop/Programs/SelfDev/GoAutoBash/server/handler.go:50","func":"GoAutoBash/server.webhookHandler","level":"info","msg":"Someone has pushed to your repo!","time":"2022-02-27T12:34:41-06:00"}
{"file":"/Users/mac/Desktop/Programs/SelfDev/GoAutoBash/server/handler.go:50","func":"GoAutoBash/server.webhookHandler","level":"info","msg":"Someone has pushed to your repo!","time":"2022-02-27T12:34:56-06:00"}
{"file":"/Users/mac/Desktop/Programs/SelfDev/GoAutoBash/server/handler.go:50","func":"GoAutoBash/server.webhookHandler","level":"info","msg":"Someone has pushed to your repo!","time":"2022-02-27T12:35:01-06:00"}
{"file":"/Users/mac/Desktop/Programs/SelfDev/GoAutoBash/server/handler.go:50","func":"GoAutoBash/server.webhookHandler","level":"info","msg":"Someone has pushed to your repo!","time":"2022-02-27T12:35:05-06:00"}
{"file":"/Users/mac/Desktop/Programs/SelfDev/GoAutoBash/server/handler.go:50","func":"GoAutoBash/server.webhookHandler","level":"info","msg":"Someone has pushed to your repo!","time":"2022-02-27T12:35:09-06:00"}
{"file":"/Users/mac/Desktop/Programs/SelfDev/GoAutoBash/queue/trigger.go:18","func":"GoAutoBash/queue.StartQueue.func1","level":"info","msg":"Consumer 2 started","time":"2022-02-27T12:37:19-06:00"}
{"file":"/Users/mac/Desktop/Programs/SelfDev/GoAutoBash/queue/trigger.go:18","func":"GoAutoBash/queue.StartQueue.func1","level":"info","msg":"Consumer 1 started","time":"2022-02-27T12:37:19-06:00"}
{"file":"/Users/mac/Desktop/Programs/SelfDev/GoAutoBash/server/listen.go:15","func":"GoAutoBash/server.Listen","level":"info","msg":"Starting server at 0.0.0.0:8080","time":"2022-02-27T12:37:19-06:00"}
{"file":"/Users/mac/Desktop/Programs/SelfDev/GoAutoBash/server/handler.go:50","func":"GoAutoBash/server.webhookHandler","level":"info","msg":"Someone has pushed to your repo!","time":"2022-02-27T12:37:37-06:00"}
{"file":"/Users/mac/Desktop/Programs/SelfDev/GoAutoBash/queue/trigger.go:57","func":"GoAutoBash/queue.StartQueue.func1","level":"info","msg":"Consumer 2Executing task...","time":"2022-02-27T12:37:37-06:00"}
{"file":"/Users/mac/Desktop/Programs/SelfDev/GoAutoBash/server/handler.go:50","func":"GoAutoBash/server.webhookHandler","level":"info","msg":"Someone has pushed to your repo!","time":"2022-02-27T12:37:43-06:00"}
{"file":"/Users/mac/Desktop/Programs/SelfDev/GoAutoBash/queue/trigger.go:57","func":"GoAutoBash/queue.StartQueue.func1","level":"info","msg":"Consumer 1Executing task...","time":"2022-02-27T12:37:43-06:00"}
{"file":"/Users/mac/Desktop/Programs/SelfDev/GoAutoBash/server/handler.go:50","func":"GoAutoBash/server.webhookHandler","level":"info","msg":"Someone has pushed to your repo!","time":"2022-02-27T12:37:52-06:00"}
{"file":"/Users/mac/Desktop/Programs/SelfDev/GoAutoBash/queue/trigger.go:57","func":"GoAutoBash/queue.StartQueue.func1","level":"info","msg":"Consumer 2Executing task...","time":"2022-02-27T12:37:57-06:00"}
{"file":"/Users/mac/Desktop/Programs/SelfDev/GoAutoBash/server/handler.go:50","func":"GoAutoBash/server.webhookHandler","level":"info","msg":"Someone has pushed to your repo!","time":"2022-02-27T12:37:59-06:00"}
{"file":"/Users/mac/Desktop/Programs/SelfDev/GoAutoBash/queue/trigger.go:57","func":"GoAutoBash/queue.StartQueue.func1","level":"info","msg":"Consumer 1Executing task...","time":"2022-02-27T12:38:03-06:00"}
{"file":"/Users/mac/Desktop/Programs/SelfDev/GoAutoBash/server/handler.go:50","func":"GoAutoBash/server.webhookHandler","level":"info","msg":"Someone has pushed to your repo!","time":"2022-02-27T12:38:07-06:00"}
{"file":"/Users/mac/Desktop/Programs/SelfDev/GoAutoBash/server/handler.go:50","func":"GoAutoBash/server.webhookHandler","level":"info","msg":"Someone has pushed to your repo!","time":"2022-02-27T12:38:11-06:00"}
{"file":"/Users/mac/Desktop/Programs/SelfDev/GoAutoBash/queue/trigger.go:57","func":"GoAutoBash/queue.StartQueue.func1","level":"info","msg":"Consumer 2Executing task...","time":"2022-02-27T12:38:17-06:00"}
{"file":"/Users/mac/Desktop/Programs/SelfDev/GoAutoBash/queue/trigger.go:57","func":"GoAutoBash/queue.StartQueue.func1","level":"info","msg":"Consumer 1Executing task...","time":"2022-02-27T12:38:23-06:00"}
{"file":"/Users/mac/Desktop/Programs/SelfDev/GoAutoBash/queue/trigger.go:18","func":"GoAutoBash/queue.StartQueue.func1","level":"info","msg":"Consumer 2 started","time":"2022-02-27T12:41:42-06:00"}
{"file":"/Users/mac/Desktop/Programs/SelfDev/GoAutoBash/queue/trigger.go:18","func":"GoAutoBash/queue.StartQueue.func1","level":"info","msg":"Consumer 1 started","time":"2022-02-27T12:41:42-06:00"}
{"file":"/Users/mac/Desktop/Programs/SelfDev/GoAutoBash/server/listen.go:15","func":"GoAutoBash/server.Listen","level":"info","msg":"Starting server at 0.0.0.0:8080","time":"2022-02-27T12:41:42-06:00"}
{"file":"/Users/mac/Desktop/Programs/SelfDev/GoAutoBash/server/handler.go:50","func":"GoAutoBash/server.webhookHandler","level":"info","msg":"Someone has pushed to your repo!","time":"2022-02-27T12:41:59-06:00"}
{"file":"/Users/mac/Desktop/Programs/SelfDev/GoAutoBash/queue/trigger.go:57","func":"GoAutoBash/queue.StartQueue.func1","level":"info","msg":"Consumer 2 is executing next task...","time":"2022-02-27T12:41:59-06:00"}
